<?xml version="1.0" encoding="UTF-8"?>
<testsuite name="AtBashEncryptTest" tests="8" skipped="0" failures="0" errors="0" timestamp="2024-08-30T21:23:27" hostname="LAPTOP-76T8KHA9" time="0.005">
  <properties/>
  <testcase name="testAtBashEncryptWithSpacesAndPunctuation" classname="AtBashEncryptTest" time="0.004"/>
  <testcase name="testAtBashEncryptWithMixedCaseText" classname="AtBashEncryptTest" time="0.0"/>
  <testcase name="testAtBashEncryptWithFullSentence" classname="AtBashEncryptTest" time="0.0"/>
  <testcase name="testAtBashEncryptWithUppercaseText" classname="AtBashEncryptTest" time="0.0"/>
  <testcase name="testAtBashEncryptWithAllLetters" classname="AtBashEncryptTest" time="0.0"/>
  <testcase name="testAtBashEncryptWithEmptyString" classname="AtBashEncryptTest" time="0.0"/>
  <testcase name="testAtBashEncryptWithNonAlphabeticCharacters" classname="AtBashEncryptTest" time="0.0"/>
  <testcase name="testAtBashEncryptWithLowercaseText" classname="AtBashEncryptTest" time="0.001"/>
  <system-out><![CDATA[]]></system-out>
  <system-err><![CDATA[]]></system-err>
</testsuite>
